<?xml version="1.0" encoding="UTF-8"?>
<!-- Generated by org.testng.reporters.JUnitReportReporter -->
<testsuite hostname="Naufals-MacBook-Air.local" failures="0" tests="1" name="tests.EditUser" time="1.059" errors="0" timestamp="2023-12-12T02:10:20 WIB" skipped="0">
  <testcase classname="tests.EditUser" name="updateUser" time="1.059"/>
  <system-out/>
</testsuite> <!-- tests.EditUser -->
