<?xml version="1.0" encoding="UTF-8"?>
<!-- Generated by org.testng.reporters.JUnitReportReporter -->
<testsuite hostname="Naufals-MacBook-Air.local" failures="0" tests="1" name="usersTodos.GetUserTodos" time="0.803" errors="0" timestamp="2024-05-09T19:10:02 WIB" skipped="0">
  <testcase classname="usersTodos.GetUserTodos" name="getUserTodosTest" time="0.803"/>
  <system-out/>
</testsuite> <!-- usersTodos.GetUserTodos -->
