<?xml version="1.0" encoding="UTF-8"?>
<!-- Generated by org.testng.reporters.JUnitReportReporter -->
<testsuite hostname="Naufals-MacBook-Air.local" failures="0" tests="1" name="tests.EditUser" time="0.241" errors="0" timestamp="2024-05-09T18:15:30 WIB" skipped="0">
  <testcase classname="tests.EditUser" name="updateUserTest" time="0.241"/>
  <system-out/>
</testsuite> <!-- tests.EditUser -->
