<?xml version="1.0" encoding="UTF-8"?>
<!-- Generated by org.testng.reporters.JUnitReportReporter -->
<testsuite hostname="Naufals-MacBook-Air.local" failures="0" tests="1" name="tests.CreateUser" time="0.872" errors="0" timestamp="2024-05-09T16:05:35 WIB" skipped="0">
  <testcase classname="tests.CreateUser" name="createUserTest" time="0.872"/>
  <system-out/>
</testsuite> <!-- tests.CreateUser -->
