<?xml version="1.0" encoding="UTF-8"?>
<!-- Generated by org.testng.reporters.JUnitReportReporter -->
<testsuite hostname="Naufals-MacBook-Air.local" failures="0" tests="1" name="usersPosts.CreateUserPosts" time="0.964" errors="0" timestamp="2024-05-09T19:43:40 WIB" skipped="0">
  <testcase classname="usersPosts.CreateUserPosts" name="createUserPostTest" time="0.964"/>
  <system-out/>
</testsuite> <!-- usersPosts.CreateUserPosts -->
