<?xml version="1.0" encoding="UTF-8"?>
<!-- Generated by org.testng.reporters.JUnitReportReporter -->
<testsuite hostname="Naufals-MacBook-Air.local" failures="0" tests="1" name="usersPosts.getUserPosts" time="0.821" errors="0" timestamp="2024-05-09T19:43:49 WIB" skipped="0">
  <testcase classname="usersPosts.getUserPosts" name="createUserPostTest" time="0.821"/>
  <system-out/>
</testsuite> <!-- usersPosts.getUserPosts -->
