<?xml version="1.0" encoding="UTF-8"?>
<!-- Generated by org.testng.reporters.JUnitReportReporter -->
<testsuite hostname="Naufals-MacBook-Air.local" failures="0" tests="2" name="tests.TestsExamples" time="1.500" errors="0" timestamp="2024-05-09T16:07:34 WIB" skipped="0">
  <testcase classname="tests.TestsExamples" name="getWeatherStatus" time="1.080"/>
  <system-out/>
  <testcase classname="tests.TestsExamples" name="getWeatherStatus1" time="0.420"/>
  <system-out/>
</testsuite> <!-- tests.TestsExamples -->
