<?xml version="1.0" encoding="UTF-8"?>
<!-- Generated by org.testng.reporters.JUnitReportReporter -->
<testsuite hostname="Naufals-MacBook-Air.local" failures="0" tests="1" name="users.GetUser" time="0.806" errors="0" timestamp="2024-05-09T20:18:39 WIB" skipped="0">
  <testcase classname="users.GetUser" name="getUserTest" time="0.806"/>
  <system-out/>
</testsuite> <!-- users.GetUser -->
