<?xml version="1.0" encoding="UTF-8"?>
<!-- Generated by org.testng.reporters.JUnitReportReporter -->
<testsuite hostname="Naufals-MacBook-Air.local" failures="0" tests="1" name="tests.GetUser" time="0.817" errors="0" timestamp="2024-05-09T18:15:30 WIB" skipped="0">
  <testcase classname="tests.GetUser" name="getUserTest" time="0.817"/>
  <system-out/>
</testsuite> <!-- tests.GetUser -->
