<?xml version="1.0" encoding="UTF-8"?>
<!-- Generated by org.testng.reporters.JUnitReportReporter -->
<testsuite hostname="Naufals-MacBook-Air.local" failures="0" tests="1" name="tests.CreateUser" time="0.995" errors="0" timestamp="2023-12-12T02:09:07 WIB" skipped="0">
  <testcase classname="tests.CreateUser" name="createUser" time="0.995"/>
  <system-out/>
</testsuite> <!-- tests.CreateUser -->
