<?xml version="1.0" encoding="UTF-8"?>
<!-- Generated by org.testng.reporters.JUnitReportReporter -->
<testsuite hostname="Naufals-MacBook-Air.local" failures="0" tests="1" name="users.CreateUser" time="0.836" errors="0" timestamp="2024-05-09T18:47:29 WIB" skipped="0">
  <testcase classname="users.CreateUser" name="createUserTest" time="0.836"/>
  <system-out/>
</testsuite> <!-- users.CreateUser -->
