<?xml version="1.0" encoding="UTF-8"?>
<!-- Generated by org.testng.reporters.JUnitReportReporter -->
<testsuite hostname="Naufals-MacBook-Air.local" failures="0" tests="1" name="tests.UpdateUser" time="0.689" errors="0" timestamp="2024-05-09T18:22:04 WIB" skipped="0">
  <testcase classname="tests.UpdateUser" name="updateUserTest" time="0.689"/>
  <system-out/>
</testsuite> <!-- tests.UpdateUser -->
