<?xml version="1.0" encoding="UTF-8"?>
<!-- Generated by org.testng.reporters.JUnitReportReporter -->
<testsuite hostname="Naufals-MacBook-Air.local" failures="0" tests="1" name="usersTodos.CreateUserTodos" time="0.867" errors="0" timestamp="2024-05-09T19:00:54 WIB" skipped="0">
  <testcase classname="usersTodos.CreateUserTodos" name="createUserTodoTest" time="0.867"/>
  <system-out/>
</testsuite> <!-- usersTodos.CreateUserTodos -->
