<?xml version="1.0" encoding="UTF-8"?>
<!-- Generated by org.testng.reporters.JUnitReportReporter -->
<testsuite hostname="Naufals-MacBook-Air.local" failures="0" tests="1" name="tests.DeleteUser" time="0.947" errors="0" timestamp="2023-12-12T02:11:02 WIB" skipped="0">
  <testcase classname="tests.DeleteUser" name="deleteUser" time="0.947"/>
  <system-out/>
</testsuite> <!-- tests.DeleteUser -->
