<?xml version="1.0" encoding="UTF-8"?>
<!-- Generated by org.testng.reporters.JUnitReportReporter -->
<testsuite hostname="Naufals-MacBook-Air.local" failures="0" tests="1" name="users.UpdateUser" time="0.860" errors="0" timestamp="2024-05-09T20:13:22 WIB" skipped="0">
  <testcase classname="users.UpdateUser" name="updateUserTest" time="0.860"/>
  <system-out/>
</testsuite> <!-- users.UpdateUser -->
