<?xml version="1.0" encoding="UTF-8"?>
<!-- Generated by org.testng.reporters.JUnitReportReporter -->
<testsuite hostname="Naufals-MacBook-Air.local" failures="0" tests="1" name="tests.GetUser" time="0.564" errors="0" timestamp="2023-12-12T02:09:51 WIB" skipped="0">
  <testcase classname="tests.GetUser" name="getUsers" time="0.564"/>
  <system-out/>
</testsuite> <!-- tests.GetUser -->
