<?xml version="1.0" encoding="UTF-8"?>
<!-- Generated by org.testng.reporters.JUnitReportReporter -->
<testsuite hostname="Naufals-MacBook-Air.local" failures="0" tests="1" name="tests.users.GetUser" time="0.867" errors="0" timestamp="2024-05-09T18:32:46 WIB" skipped="0">
  <testcase classname="tests.users.GetUser" name="getUserTest" time="0.867"/>
  <system-out/>
</testsuite> <!-- tests.users.GetUser -->
